<?xml version="1.0" encoding="utf-8"?><testsuites name="pytest tests"><testsuite name="pytest" errors="0" failures="2" skipped="0" tests="19" time="23.910" timestamp="2026-06-25T17:38:31.360297+00:00" hostname="agent-env-692c7801-0f3e-4a07-8775-6f207bc3a79e"><testcase classname="tests.test_radar_screener" name="test_health" time="0.298" /><testcase classname="tests.test_radar_screener.TestMarkets" name="test_overview_us" time="11.142" /><testcase classname="tests.test_radar_screener.TestMarkets" name="test_overview_in" time="10.528" /><testcase classname="tests.test_radar_screener.TestRadar" name="test_strategies_list" time="0.055" /><testcase classname="tests.test_radar_screener.TestRadar" name="test_value_picks_us" time="0.116" /><testcase classname="tests.test_radar_screener.TestRadar" name="test_momentum_breakouts_us" time="0.053" /><testcase classname="tests.test_radar_screener.TestRadar" name="test_unknown_strategy_404" time="0.052" /><testcase classname="tests.test_radar_screener.TestStocks" name="test_stock_detail_aapl" time="0.055" /><testcase classname="tests.test_radar_screener.TestStocks" name="test_stock_detail_indian" time="0.049" /><testcase classname="tests.test_radar_screener.TestStocks" name="test_stock_history" time="0.066"><failure message="assert (True and 0 &gt;= 10)&#10; +  where True = isinstance([], list)&#10; +  and   0 = len([])">tests/test_radar_screener.py:123: in test_stock_history
    assert isinstance(b["points"], list) and len(b["points"]) &gt;= 10
E   assert (True and 0 &gt;= 10)
E    +  where True = isinstance([], list)
E    +  and   0 = len([])</failure></testcase><testcase classname="tests.test_radar_screener.TestStocks" name="test_stock_history_invalid_period" time="0.048" /><testcase classname="tests.test_radar_screener.TestStocks" name="test_batch_quotes" time="0.063"><failure message="AssertionError: assert (None)&#10; +  where None = &lt;built-in method get of dict object at 0xfb9d18fd91c0&gt;('price')&#10; +    where &lt;built-in method get of dict object at 0xfb9d18fd91c0&gt; = {'symbol': 'AAPL', 'name': 'AAPL', 'price': None, 'change': None, ...}.get">tests/test_radar_screener.py:143: in test_batch_quotes
    assert q.get("price") and q["price"] &gt; 0
E   AssertionError: assert (None)
E    +  where None = &lt;built-in method get of dict object at 0xfb9d18fd91c0&gt;('price')
E    +    where &lt;built-in method get of dict object at 0xfb9d18fd91c0&gt; = {'symbol': 'AAPL', 'name': 'AAPL', 'price': None, 'change': None, ...}.get</failure></testcase><testcase classname="tests.test_radar_screener.TestStocks" name="test_stock_not_found" time="0.103" /><testcase classname="tests.test_radar_screener.TestScreener" name="test_custom_pe_roe" time="0.063" /><testcase classname="tests.test_radar_screener.TestScreenerUniverse" name="test_universe_us" time="0.307" /><testcase classname="tests.test_radar_screener.TestScreenerUniverse" name="test_universe_in" time="0.191" /><testcase classname="tests.test_radar_screener.TestScreenerUniverse" name="test_universe_sizes" time="0.504" /><testcase classname="tests.test_radar_screener.TestSearch" name="test_search_apple" time="0.056" /><testcase classname="tests.test_radar_screener.TestSearch" name="test_search_empty" time="0.075" /></testsuite></testsuites>