<?xml version="1.0" encoding="utf-8"?><testsuites name="pytest tests"><testsuite name="pytest" errors="0" failures="0" skipped="0" tests="16" time="1.369" timestamp="2026-06-24T06:45:04.933095+00:00" hostname="agent-env-2a9e97dd-13ac-4407-acb3-a2e15f98231e"><testcase classname="tests.test_radar_screener" name="test_health" time="0.146" /><testcase classname="tests.test_radar_screener.TestMarkets" name="test_overview_us" time="0.156" /><testcase classname="tests.test_radar_screener.TestMarkets" name="test_overview_in" time="0.101" /><testcase classname="tests.test_radar_screener.TestRadar" name="test_strategies_list" time="0.049" /><testcase classname="tests.test_radar_screener.TestRadar" name="test_value_picks_us" time="0.050" /><testcase classname="tests.test_radar_screener.TestRadar" name="test_momentum_breakouts_us" time="0.048" /><testcase classname="tests.test_radar_screener.TestRadar" name="test_unknown_strategy_404" time="0.047" /><testcase classname="tests.test_radar_screener.TestStocks" name="test_stock_detail_aapl" time="0.046" /><testcase classname="tests.test_radar_screener.TestStocks" name="test_stock_detail_indian" time="0.047" /><testcase classname="tests.test_radar_screener.TestStocks" name="test_stock_history" time="0.134" /><testcase classname="tests.test_radar_screener.TestStocks" name="test_stock_history_invalid_period" time="0.046" /><testcase classname="tests.test_radar_screener.TestStocks" name="test_batch_quotes" time="0.209" /><testcase classname="tests.test_radar_screener.TestStocks" name="test_stock_not_found" time="0.089" /><testcase classname="tests.test_radar_screener.TestScreener" name="test_custom_pe_roe" time="0.053" /><testcase classname="tests.test_radar_screener.TestSearch" name="test_search_apple" time="0.047" /><testcase classname="tests.test_radar_screener.TestSearch" name="test_search_empty" time="0.046" /></testsuite></testsuites>